<?xml version="1.0" encoding="UTF-8" ?>
<!--

    =============================================================================

    ORCID (R) Open Source
    http://orcid.org

    Copyright (c) 2012-2014 ORCID, Inc.
    Licensed under an MIT-Style License (MIT)
    http://orcid.org/open-source-license

    This copyright and license information (including a link to the full license)
    shall be included in its entirety in all copies or substantial portion of
    the software.

    =============================================================================

-->
<!-- this is a spring XML file where we have ActiveMQ Broker embedded -->
<beans xmlns="http://www.springframework.org/schema/beans"
       xmlns:xsi="http://www.w3.org/2001/XMLSchema-instance"
       xmlns:broker="http://activemq.apache.org/schema/core"
       xsi:schemaLocation="
       http://activemq.apache.org/schema/core http://activemq.apache.org/schema/core/activemq-core.xsd
       http://www.springframework.org/schema/beans http://www.springframework.org/schema/beans/spring-beans.xsd">
 
    <!-- create an ActiveMQ broker -->
    <!-- do not use the shutdown hook as it would cause the broker to shutdown when you press ctrl + c,
         instead we will let Spring shutdown the broker -->
    <!-- notice this is a basic AMQ broker configuration, for production usage there is many more
         options you may need to configure accordingly to your needs -->
    <broker id="broker" brokerName="OrcidBroker" useShutdownHook="false" useJmx="true"
                   persistent="true" dataDirectory="activemq-data"
                   xmlns="http://activemq.apache.org/schema/core">
 
        <transportConnectors>
            <!-- vm transport for intra-jvm communication -->
            <transportConnector name="vm" uri="vm://OrcidBroker"/>
            <!-- tcp for external communication -->
            <transportConnector name="tcp" uri="tcp://0.0.0.0:60606"/>
        </transportConnectors>
 
    </broker>
    
</beans>