<?xml version="1.0" encoding="UTF-8" ?>
<!--

    =============================================================================

    ORCID (R) Open Source
    http://orcid.org

    Copyright (c) 2012-2014 ORCID, Inc.
    Licensed under an MIT-Style License (MIT)
    http://orcid.org/open-source-license

    This copyright and license information (including a link to the full license)
    shall be included in its entirety in all copies or substantial portion of
    the software.

    =============================================================================

-->
<beans xmlns="http://www.springframework.org/schema/beans" xmlns:xsi="http://www.w3.org/2001/XMLSchema-instance"
    xmlns:context="http://www.springframework.org/schema/context" xmlns:util="http://www.springframework.org/schema/util"
    xsi:schemaLocation="http://www.springframework.org/schema/beans
                        http://www.springframework.org/schema/beans/spring-beans-3.1.xsd http://www.springframework.org/schema/context http://www.springframework.org/schema/context/spring-context-3.1.xsd http://www.springframework.org/schema/util http://www.springframework.org/schema/util/spring-util-2.0.xsd">

    <context:property-placeholder file-encoding="UTF-8" location="classpath:test-client.properties" ignore-unresolvable="true"/>
    <context:property-placeholder file-encoding="UTF-8" location="classpath:test-web.properties" ignore-unresolvable="true"/>
    <!--  Keep this fast! No DB, No Liquibase! Blackbox external testing only. -->
    
    <import resource="classpath*:orcid-api-client-context.xml" />
    
    <bean id="t2OAuthClient" class="org.orcid.integration.api.t2.T2OAuthOrcidApiClientImpl">
        <constructor-arg value="${org.orcid.api.baseUri}"/>
        <constructor-arg ref="jerseyClient"/>
    </bean>
    
    <bean id="t1OAuthClient" class="org.orcid.integration.api.t1.T1OAuthOrcidApiClientImpl">
        <constructor-arg value="${org.orcid.pub.baseUri}"/>
        <constructor-arg ref="jerseyClient"/>
    </bean>
    
    <bean id="memberV2ApiClient_rc1" class="org.orcid.integration.blackbox.api.v2.rc1.MemberV2ApiClientImpl">
        <constructor-arg value="${org.orcid.api.baseUri}/v2.0_rc1"/>
        <constructor-arg ref="jerseyClient"/>
    </bean>
    
    <bean id="memberV2ApiClient_rc2" class="org.orcid.integration.blackbox.api.v2.rc2.MemberV2ApiClientImpl">
        <constructor-arg value="${org.orcid.api.baseUri}/v2.0_rc2"/>
        <constructor-arg ref="jerseyClient"/>
    </bean>
    
    <bean id="memberV2ApiClient_rc3" class="org.orcid.integration.blackbox.api.v2.rc3.MemberV2ApiClientImpl">
        <constructor-arg value="${org.orcid.api.baseUri}/v2.0_rc3"/>
        <constructor-arg ref="jerseyClient"/>
    </bean>
    
    <bean id="memberV2ApiClient_rc4" class="org.orcid.integration.blackbox.api.v2.rc4.MemberV2ApiClientImpl">
        <constructor-arg value="${org.orcid.api.baseUri}/v2.0_rc4"/>
        <constructor-arg ref="jerseyClient"/>
    </bean>
    
    <bean id="publicV1ApiClient" class="org.orcid.integration.api.pub.PublicV1ApiClientImpl">
        <constructor-arg value="${org.orcid.pub.baseUri}/v1.2"/>
        <constructor-arg ref="jerseyClient"/>
    </bean>
    
    <bean id="publicV2ApiClient_rc1" class="org.orcid.integration.api.pub.PublicV2ApiClientImpl">
        <constructor-arg value="${org.orcid.pub.baseUri}/v2.0_rc1"/>
        <constructor-arg ref="jerseyClient"/>
    </bean>
    
    <bean id="publicV2ApiClient_rc2" class="org.orcid.integration.api.pub.PublicV2ApiClientImpl">
        <constructor-arg value="${org.orcid.pub.baseUri}/v2.0_rc2"/>
        <constructor-arg ref="jerseyClient"/>
    </bean>
    
    <bean id="publicV2ApiClient_rc3" class="org.orcid.integration.api.pub.PublicV2ApiClientImpl">
        <constructor-arg value="${org.orcid.pub.baseUri}/v2.0_rc3"/>
        <constructor-arg ref="jerseyClient"/>
    </bean>
    
    <bean id="publicV2ApiClient_rc4" class="org.orcid.integration.api.pub.PublicV2ApiClientImpl">
        <constructor-arg value="${org.orcid.pub.baseUri}/v2.0_rc4"/>
        <constructor-arg ref="jerseyClient"/>
    </bean>
    
    <!-- Override for the jersey client to run OAuth client config and not certificates one -->
    <bean id="clientConfig" class="org.orcid.integration.api.t2.OrcidJerseyT2ClientOAuthConfig">
        <constructor-arg ref="providers" />
        <property name="properties" ref="jerseyProperties" />
    </bean>
    
    <bean id="oauthHelper" class="org.orcid.integration.api.helper.OauthHelper">
        <property name="oauthT2Client" ref="t2OAuthClient" />
        <property name="oauthT1Client" ref="t1OAuthClient" />        
    </bean>

</beans>
