<?xml version="1.0" encoding="UTF-8"?>
<!--

    =============================================================================

    ORCID (R) Open Source
    http://orcid.org

    Copyright (c) 2012-2013 ORCID, Inc.
    Licensed under an MIT-Style License (MIT)
    http://orcid.org/open-source-license

    This copyright and license information (including a link to the full license)
    shall be included in its entirety in all copies or substantial portion of
    the software.

    =============================================================================

-->
<beans xmlns="http://www.springframework.org/schema/beans"
       xmlns:xsi="http://www.w3.org/2001/XMLSchema-instance"
       xmlns:context="http://www.springframework.org/schema/context"
       xmlns:aop="http://www.springframework.org/schema/aop"
       xsi:schemaLocation="http://www.springframework.org/schema/beans http://www.springframework.org/schema/beans/spring-beans.xsd
       http://www.springframework.org/schema/context http://www.springframework.org/schema/context/spring-context-3.1.xsd
       http://www.springframework.org/schema/aop http://www.springframework.org/schema/aop/spring-aop-3.1.xsd">
    
   
   <bean id="unsecuredT2STestService" class="org.orcid.api.t2.server.T2OrcidApiServiceImplLatest"/>    
    <!-- TODO can we make this redundant? -->   
   <bean id="orcidT2ServiceDelegator" class="org.orcid.api.t2.server.delegator.impl.StubT2ServiceDelegator"/>
   
   <bean id="orcidClientCredentialEndPointDelegator" class="org.orcid.api.t2.server.delegator.impl.StubOrcidClientCredentialEndPointDelegatorImpl"/>

     

</beans>