<?xml version="1.0" encoding="UTF-8" ?>
<!--

    =============================================================================

    ORCID (R) Open Source
    http://orcid.org

    Copyright (c) 2012-2013 ORCID, Inc.
    Licensed under an MIT-Style License (MIT)
    http://orcid.org/open-source-license

    This copyright and license information (including a link to the full license)
    shall be included in its entirety in all copies or substantial portion of
    the software.

    =============================================================================

-->
<beans xmlns="http://www.springframework.org/schema/beans" xmlns:xsi="http://www.w3.org/2001/XMLSchema-instance"
	xmlns:context="http://www.springframework.org/schema/context" xmlns:util="http://www.springframework.org/schema/util"
	xsi:schemaLocation="http://www.springframework.org/schema/beans
	                    http://www.springframework.org/schema/beans/spring-beans-3.1.xsd http://www.springframework.org/schema/context http://www.springframework.org/schema/context/spring-context-3.1.xsd http://www.springframework.org/schema/util http://www.springframework.org/schema/util/spring-util-2.0.xsd">

	<import resource="classpath*:orcid-core-context.xml" />
	<import resource="classpath*:orcid-t2-client-context.xml" />
	
	<bean id="t2OAuthClient" class="org.orcid.api.t2.integration.T2OAuthOrcidApiClientImpl">
		 <constructor-arg value="${org.orcid.t2.client.base_url}"/>
		  <constructor-arg ref="jerseyClient"/>
	</bean>

	<!-- Override for the jersey client to run OAuth client config and not certificates one -->
	<bean id="clientConfig" class="org.orcid.api.t2.integration.OrcidJerseyT2ClientOAuthConfig">
		<constructor-arg ref="providers" />
		<property name="properties" ref="jerseyProperties" />
	</bean>
	
	<!-- wire up helper class for testing -->
	<bean id="orcidClientDataHelper" class="org.orcid.api.t2.integration.OrcidClientDataHelper">
		<property name="OrcidClientGroupManager" ref="orcidClientGroupManager" />
	</bean>
	
</beans>
