<?xml version="1.0" encoding="UTF-8"?>
<!--

    =============================================================================

    ORCID (R) Open Source
    http://orcid.org

    Copyright (c) 2012-2014 ORCID, Inc.
    Licensed under an MIT-Style License (MIT)
    http://orcid.org/open-source-license

    This copyright and license information (including a link to the full license)
    shall be included in its entirety in all copies or substantial portion of
    the software.

    =============================================================================

-->
<other-name:other-names xmlns:other-name="http://www.orcid.org/ns/other-name"
	xmlns:common="http://www.orcid.org/ns/common" xmlns:xsi="http://www.w3.org/2001/XMLSchema-instance"
	xsi:schemaLocation="http://www.orcid.org/ns/other-name ../other-name-2.0_rc4.xsd ">
	<other-name:other-name visibility="public" put-code="1">		
		<common:created-date>2001-12-31T12:00:00</common:created-date>
		<common:last-modified-date>2001-12-31T12:00:00</common:last-modified-date>
		<common:source>
			<common:source-orcid>
				<common:uri>http://orcid.org/8888-8888-8888-8880</common:uri>
				<common:path>8888-8888-8888-8880</common:path>
				<common:host>orcid.org</common:host>
			</common:source-orcid>
			<common:source-name />
		</common:source>
		<other-name:content>Other Name #1</other-name:content>
	</other-name:other-name>
	<other-name:other-name visibility="public" put-code="2">		
		<common:created-date>2001-12-31T12:00:00</common:created-date>
		<common:last-modified-date>2001-12-31T12:00:00</common:last-modified-date>
		<common:source>
			<common:source-orcid>
				<common:uri>http://orcid.org/8888-8888-8888-8880</common:uri>
				<common:path>8888-8888-8888-8880</common:path>
				<common:host>orcid.org</common:host>
			</common:source-orcid>
			<common:source-name />
		</common:source>
		<other-name:content>Other Name #2</other-name:content>
	</other-name:other-name>
</other-name:other-names>