<?xml version="1.0" encoding="UTF-8"?>
<!--

    =============================================================================

    ORCID (R) Open Source
    http://orcid.org

    Copyright (c) 2012-2014 ORCID, Inc.
    Licensed under an MIT-Style License (MIT)
    http://orcid.org/open-source-license

    This copyright and license information (including a link to the full license)
    shall be included in its entirety in all copies or substantial portion of
    the software.

    =============================================================================

-->
<email:emails xmlns:email="http://www.orcid.org/ns/email"
	xmlns:common="http://www.orcid.org/ns/common" xmlns:xsi="http://www.w3.org/2001/XMLSchema-instance"
	xsi:schemaLocation="http://www.orcid.org/ns/email ../email-2.0_rc4.xsd ">
	<email:email visibility="public" put-code="1">		
		<common:created-date>2001-12-31T12:00:00</common:created-date>
		<common:last-modified-date>2001-12-31T12:00:00</common:last-modified-date>
		<common:source>
			<common:source-orcid>
				<common:uri>http://orcid.org/8888-8888-8888-8880</common:uri>
				<common:path>8888-8888-8888-8880</common:path>
				<common:host>orcid.org</common:host>
			</common:source-orcid>
			<common:source-name />
		</common:source>
		<email:email>user1@email.com</email:email>
	</email:email>
	<email:email visibility="public" put-code="2">		
		<common:created-date>2001-12-31T12:00:00</common:created-date>
		<common:last-modified-date>2001-12-31T12:00:00</common:last-modified-date>
		<common:source>
			<common:source-orcid>
				<common:uri>http://orcid.org/8888-8888-8888-8880</common:uri>
				<common:path>8888-8888-8888-8880</common:path>
				<common:host>orcid.org</common:host>
			</common:source-orcid>
			<common:source-name />
		</common:source>
		<email:email>user2@email.com</email:email>
	</email:email>
</email:emails>