<?xml version="1.0" encoding="UTF-8"?>
<!--

    =============================================================================

    ORCID (R) Open Source
    http://orcid.org

    Copyright (c) 2012-2014 ORCID, Inc.
    Licensed under an MIT-Style License (MIT)
    http://orcid.org/open-source-license

    This copyright and license information (including a link to the full license)
    shall be included in its entirety in all copies or substantial portion of
    the software.

    =============================================================================

-->
<activities:works
	xmlns:activities="http://www.orcid.org/ns/activities" xmlns:common="http://www.orcid.org/ns/common"
	xmlns:work="http://www.orcid.org/ns/work"
	xmlns:xsi="http://www.w3.org/2001/XMLSchema-instance"
	xsi:schemaLocation="http://www.orcid.org/ns/activities ../activities-2.0_rc4.xsd ">
	<common:last-modified-date>2005-11-12T12:00:00</common:last-modified-date>
	<activities:group>
		<common:last-modified-date>2005-11-12T12:00:00</common:last-modified-date>
		<common:external-ids>
            <common:external-id>
                <common:external-id-type>cit</common:external-id-type>
                <common:external-id-value>cit</common:external-id-value>
                <common:external-id-relationship>self</common:external-id-relationship>
            </common:external-id>
        </common:external-ids>
		<work:work-summary put-code="0" visibility="private">
			<common:created-date>2001-12-31T12:00:00</common:created-date>
			<common:last-modified-date>2001-12-31T12:00:00</common:last-modified-date>
			<common:source>
				<common:source-orcid>
					<common:uri>http://orcid.org/8888-8888-8888-8880</common:uri>
					<common:path>8888-8888-8888-8880</common:path>
					<common:host>orcid.org</common:host>
				</common:source-orcid>
				<common:source-name />
			</common:source>
			<work:title>
				<common:title>common:title</common:title>
				<common:subtitle />
				<common:translated-title language-code="en">common:translated-title</common:translated-title>
			</work:title>
			<common:external-ids>
				<common:external-id>
					<work:external-id-type>agr</work:external-id-type>
					<work:external-id-value>work:external-identifier-id</work:external-id-value>
					<common:external-id-url>http://orcid.org</common:external-id-url>
					<common:external-id-relationship>self</common:external-id-relationship>
				</common:external-id>
			</common:external-ids>
			<work:type>artistic-performance</work:type>
			<common:publication-date>
				<common:year>1848</common:year>
				<common:month>02</common:month>
				<common:day>02</common:day>
			</common:publication-date>
		</work:work-summary>
		<work:work-summary put-code="0" visibility="private">
			<common:created-date>2001-12-31T12:00:00</common:created-date>
			<common:last-modified-date>2005-11-12T12:00:00</common:last-modified-date>
			<common:source>
				<common:source-orcid>
					<common:uri>http://orcid.org/8888-8888-8888-8880</common:uri>
					<common:path>8888-8888-8888-8880</common:path>
					<common:host>orcid.org</common:host>
				</common:source-orcid>
				<common:source-name />
			</common:source>
			<work:title>
				<common:title>common:title</common:title>
				<common:subtitle />
				<common:translated-title language-code="en">common:translated-title</common:translated-title>
			</work:title>
			<common:external-ids>
				<common:external-id>
					<work:external-id-type>agr</work:external-id-type>
					<work:external-id-value>work:external-identifier-id</work:external-id-value>
					<common:external-id-url>http://orcid.org</common:external-id-url>
					<common:external-id-relationship>self</common:external-id-relationship>
				</common:external-id>
			</common:external-ids>
			<work:type>artistic-performance</work:type>
			<common:publication-date>
				<common:year>1848</common:year>
				<common:month>02</common:month>
				<common:day>02</common:day>
			</common:publication-date>
		</work:work-summary>
	</activities:group>
</activities:works>
