<?xml version="1.0" encoding="UTF-8"?>
<!--

    =============================================================================

    ORCID (R) Open Source
    http://orcid.org

    Copyright (c) 2012-2014 ORCID, Inc.
    Licensed under an MIT-Style License (MIT)
    http://orcid.org/open-source-license

    This copyright and license information (including a link to the full license)
    shall be included in its entirety in all copies or substantial portion of
    the software.

    =============================================================================

-->
<activities:employments
	xmlns:activities="http://www.orcid.org/ns/activities"
	xmlns:affiliation="http://www.orcid.org/ns/employment" xmlns:common="http://www.orcid.org/ns/common"
	xmlns:xsi="http://www.w3.org/2001/XMLSchema-instance"
	xsi:schemaLocation="http://www.orcid.org/ns/activities ../activities-2.0_rc4.xsd ">
	<common:last-modified-date>2002-11-23T12:00:00</common:last-modified-date>
	<affiliation:employment-summary
		put-code="0" visibility="private">
		<common:created-date>2001-12-31T12:00:00</common:created-date>
		<common:last-modified-date>2001-12-31T12:00:00</common:last-modified-date>
		<common:source>
			<common:source-orcid>
				<common:uri>http://orcid.org/8888-8888-8888-8880</common:uri>
				<common:path>8888-8888-8888-8880</common:path>
				<common:host>orcid.org</common:host>
			</common:source-orcid>
			<common:source-name />
		</common:source>
		<affiliation:department-name>affiliation:department-name</affiliation:department-name>
		<affiliation:role-title>affiliation:role-title</affiliation:role-title>
		<common:start-date>
			<common:year>2014</common:year>
			<common:month>12</common:month>
			<common:day>20</common:day>
		</common:start-date>
		<common:end-date>
			<common:year>2014</common:year>
			<common:month>12</common:month>
			<common:day>20</common:day>
		</common:end-date>
		<affiliation:organization>
			<common:name>common:name</common:name>
			<common:address>
				<common:city>common:city</common:city>
				<common:region>common:region</common:region>
				<common:country>AF</common:country>
			</common:address>
			<common:disambiguated-organization>
				<common:disambiguated-organization-identifier>common:disambiguated-organization-identifier</common:disambiguated-organization-identifier>
				<common:disambiguation-source>common:disambiguation-source</common:disambiguation-source>
			</common:disambiguated-organization>
		</affiliation:organization>
	</affiliation:employment-summary>
	<affiliation:employment-summary
		put-code="1" visibility="private">
		<common:created-date>2001-12-31T12:00:00</common:created-date>
		<common:last-modified-date>2002-11-23T12:00:00</common:last-modified-date>
		<common:source>
			<common:source-orcid>
				<common:uri>http://orcid.org/8888-8888-8888-8880</common:uri>
				<common:path>8888-8888-8888-8880</common:path>
				<common:host>orcid.org</common:host>
			</common:source-orcid>
			<common:source-name />
		</common:source>
		<affiliation:department-name>affiliation:department-name</affiliation:department-name>
		<affiliation:role-title>affiliation:role-title</affiliation:role-title>
		<common:start-date>
			<common:year>2014</common:year>
			<common:month>12</common:month>
			<common:day>20</common:day>
		</common:start-date>
		<common:end-date>
			<common:year>2014</common:year>
			<common:month>12</common:month>
			<common:day>20</common:day>
		</common:end-date>
		<affiliation:organization>
			<common:name>common:name</common:name>
			<common:address>
				<common:city>common:city</common:city>
				<common:region>common:region</common:region>
				<common:country>AF</common:country>
			</common:address>
			<common:disambiguated-organization>
				<common:disambiguated-organization-identifier>common:disambiguated-organization-identifier</common:disambiguated-organization-identifier>
				<common:disambiguation-source>common:disambiguation-source</common:disambiguation-source>
			</common:disambiguated-organization>
		</affiliation:organization>
	</affiliation:employment-summary>
</activities:employments>