<?xml version="1.0" encoding="UTF-8"?>
<!--

    =============================================================================

    ORCID (R) Open Source
    http://orcid.org

    Copyright (c) 2012-2014 ORCID, Inc.
    Licensed under an MIT-Style License (MIT)
    http://orcid.org/open-source-license

    This copyright and license information (including a link to the full license)
    shall be included in its entirety in all copies or substantial portion of
    the software.

    =============================================================================

-->
<personal-details:biography visibility="public"
	xmlns:personal-details="http://www.orcid.org/ns/personal-details"	
	xmlns:common="http://www.orcid.org/ns/common"
	xmlns:xsi="http://www.w3.org/2001/XMLSchema-instance"
	xsi:schemaLocation="http://www.orcid.org/ns/personal-details ../personal-details-2.0_rc4.xsd">	
	<common:created-date>2016-04-27T13:22:53.471-06:00</common:created-date>
    <common:last-modified-date>2016-04-27T13:22:53.471-06:00</common:last-modified-date>
	<personal-details:content>biography V2.0_rc4</personal-details:content>	
</personal-details:biography> 