<?xml version="1.0" encoding="UTF-8"?>
<!--

    =============================================================================

    ORCID (R) Open Source
    http://orcid.org

    Copyright (c) 2012-2014 ORCID, Inc.
    Licensed under an MIT-Style License (MIT)
    http://orcid.org/open-source-license

    This copyright and license information (including a link to the full license)
    shall be included in its entirety in all copies or substantial portion of
    the software.

    =============================================================================

-->
<external-identifier:external-identifiers
	xmlns:external-identifier="http://www.orcid.org/ns/external-identifier"
	xmlns:common="http://www.orcid.org/ns/common" xmlns:xsi="http://www.w3.org/2001/XMLSchema-instance"
	xsi:schemaLocation="http://www.orcid.org/ns/external-identifier ../person-external-identifier-2.0_rc4.xsd ">
	<external-identifier:external-identifier visibility="public" put-code="1">
		<common:created-date>2001-12-31T12:00:00</common:created-date> 
		<common:last-modified-date>2001-12-31T12:00:00</common:last-modified-date> 
		<common:source>
			<common:source-orcid>
				<common:uri>http://orcid.org/8888-8888-8888-8880</common:uri>
				<common:path>8888-8888-8888-8880</common:path>
				<common:host>orcid.org</common:host>
			</common:source-orcid>
			<common:source-name />
		</common:source>
		<common:external-id-type>common-name-1</common:external-id-type>
		<common:external-id-value>id-reference-1</common:external-id-value>
		<common:external-id-url>http://url/1</common:external-id-url>			
	</external-identifier:external-identifier>
	<external-identifier:external-identifier visibility="public" put-code="2">
		<common:created-date>2001-12-31T12:00:00</common:created-date>
		<common:last-modified-date>2001-12-31T12:00:00</common:last-modified-date>
		<common:source>
			<common:source-orcid>
				<common:uri>http://orcid.org/8888-8888-8888-8880</common:uri>
				<common:path>8888-8888-8888-8880</common:path>
				<common:host>orcid.org</common:host>
			</common:source-orcid>
			<common:source-name />
		</common:source>
		<common:external-id-type>common-name-2</common:external-id-type>
		<common:external-id-value>id-reference-2</common:external-id-value>
		<common:external-id-url>http://url/2</common:external-id-url>			
	</external-identifier:external-identifier>
</external-identifier:external-identifiers>
