<?xml version="1.0" encoding="UTF-8"?>
<!--

    =============================================================================

    ORCID (R) Open Source
    http://orcid.org

    Copyright (c) 2012-2014 ORCID, Inc.
    Licensed under an MIT-Style License (MIT)
    http://orcid.org/open-source-license

    This copyright and license information (including a link to the full license)
    shall be included in its entirety in all copies or substantial portion of
    the software.

    =============================================================================

-->
<group-id:group-id xmlns:group-id="http://www.orcid.org/ns/group-id" xmlns:common="http://www.orcid.org/ns/common">
    <common:last-modified-date>2006-01-12T12:00:00</common:last-modified-date>
    <group-id:total>5</group-id:total>
    <group-id:page>1</group-id:page>
    <group-id:page-size>5</group-id:page-size>
    <group-id:group-id-record put-code="1009">
        <group-id:name>TestName</group-id:name>
        <group-id:group-id>issn:00000002</group-id:group-id>
        <group-id:description>TestDescription</group-id:description>
        <group-id:type>publisher</group-id:type>
        <common:source>
            <common:source-client-id>
                <common:uri>http://localhost:8080/orcid-web/client/APP-OAGL07C5YB6GP2L0</common:uri>
                <common:path>APP-OAGL07C5YB6GP2L0</common:path>
                <common:host>localhost</common:host>
            </common:source-client-id>
            <common:source-name>client23</common:source-name>
        </common:source>
        <common:last-modified-date>2005-11-12T12:00:00</common:last-modified-date>
        <common:created-date>2005-11-12T12:00:00</common:created-date>
    </group-id:group-id-record>
    <group-id:group-id-record put-code="1013">
        <group-id:name>TestName</group-id:name>
        <group-id:group-id>issn:00000006</group-id:group-id>
        <group-id:description>TestDescription</group-id:description>
		<group-id:type/>
        <common:source>
            <common:source-client-id>
                <common:uri>http://localhost:8080/orcid-web/client/APP-OAGL07C5YB6GP2L0</common:uri>
                <common:path>APP-OAGL07C5YB6GP2L0</common:path>
                <common:host>localhost</common:host>
            </common:source-client-id>
            <common:source-name>client23</common:source-name>
        </common:source>
        <common:last-modified-date>2006-01-12T12:00:00</common:last-modified-date>
        <common:created-date>2006-01-12T12:00:00</common:created-date>
    </group-id:group-id-record>
</group-id:group-id>
