<?xml version="1.0" encoding="UTF-8"?>
<!--

    =============================================================================

    ORCID (R) Open Source
    http://orcid.org

    Copyright (c) 2012-2014 ORCID, Inc.
    Licensed under an MIT-Style License (MIT)
    http://orcid.org/open-source-license

    This copyright and license information (including a link to the full license)
    shall be included in its entirety in all copies or substantial portion of
    the software.

    =============================================================================

-->
<activities:activities-summary
	xmlns:activities="http://www.orcid.org/ns/activities"
	xmlns:affiliation="http://www.orcid.org/ns/employment" xmlns:common="http://www.orcid.org/ns/common"
	xmlns:education="http://www.orcid.org/ns/education" xmlns:funding="http://www.orcid.org/ns/funding"
	xmlns:work="http://www.orcid.org/ns/work" xmlns:peer-review="http://www.orcid.org/ns/peer-review"
	xmlns:xsi="http://www.w3.org/2001/XMLSchema-instance"
	xsi:schemaLocation="http://www.orcid.org/ns/activities ../activities-2.0_rc1.xsd ">
	<activities:educations>
		<education:education-summary put-code="0"
			visibility="private">
			<common:created-date>2001-12-31T12:00:00</common:created-date>
			<common:last-modified-date>2001-12-31T12:00:00</common:last-modified-date>
			<common:source>
				<common:source-orcid>
					<common:uri>http://orcid.org/8888-8888-8888-8880</common:uri>
					<common:path>8888-8888-8888-8880</common:path>
					<common:host>orcid.org</common:host>
				</common:source-orcid>
				<common:source-name />
			</common:source>
			<education:department-name>education:department-name</education:department-name>
			<education:role-title>education:role-title</education:role-title>
			<common:start-date>
				<common:year>2014</common:year>
				<common:month>12</common:month>
				<common:day>20</common:day>
			</common:start-date>
			<common:end-date>
				<common:year>2014</common:year>
				<common:month>12</common:month>
				<common:day>20</common:day>
			</common:end-date>
			<education:organization>
				<common:name>common:name</common:name>
				<common:address>
					<common:city>common:city</common:city>
					<common:region>common:region</common:region>
					<common:country>AF</common:country>
				</common:address>
				<common:disambiguated-organization>
					<common:disambiguated-organization-identifier>common:disambiguated-organization-identifier</common:disambiguated-organization-identifier>
					<common:disambiguation-source>common:disambiguation-source</common:disambiguation-source>
				</common:disambiguated-organization>
			</education:organization>
		</education:education-summary>
	</activities:educations>
	<activities:employments>
		<affiliation:employment-summary
			put-code="0" visibility="private">
			<common:created-date>2001-12-31T12:00:00</common:created-date>
			<common:last-modified-date>2001-12-31T12:00:00</common:last-modified-date>
			<common:source>
				<common:source-orcid>
					<common:uri>http://orcid.org/8888-8888-8888-8880</common:uri>
					<common:path>8888-8888-8888-8880</common:path>
					<common:host>orcid.org</common:host>
				</common:source-orcid>
				<common:source-name />
			</common:source>
			<affiliation:department-name>affiliation:department-name</affiliation:department-name>
			<affiliation:role-title>affiliation:role-title</affiliation:role-title>
			<common:start-date>
				<common:year>2014</common:year>
				<common:month>12</common:month>
				<common:day>20</common:day>
			</common:start-date>
			<common:end-date>
				<common:year>2014</common:year>
				<common:month>12</common:month>
				<common:day>20</common:day>
			</common:end-date>
			<affiliation:organization>
				<common:name>common:name</common:name>
				<common:address>
					<common:city>common:city</common:city>
					<common:region>common:region</common:region>
					<common:country>AF</common:country>
				</common:address>
				<common:disambiguated-organization>
					<common:disambiguated-organization-identifier>common:disambiguated-organization-identifier</common:disambiguated-organization-identifier>
					<common:disambiguation-source>common:disambiguation-source</common:disambiguation-source>
				</common:disambiguated-organization>
			</affiliation:organization>
		</affiliation:employment-summary>
	</activities:employments>
	<activities:fundings>
		<activities:group>
			<activities:identifiers>
				<activities:identifier>
					<activities:external-identifier-type>agr</activities:external-identifier-type>
					<activities:external-identifier-id>activities:external-identifier-id</activities:external-identifier-id>
				</activities:identifier>
			</activities:identifiers>
			<funding:summary put-code="0" visibility="private">
				<common:created-date>2001-12-31T12:00:00</common:created-date>
				<common:last-modified-date>2001-12-31T12:00:00</common:last-modified-date>
				<common:source>
					<common:source-orcid>
						<common:uri>http://orcid.org/8888-8888-8888-8880</common:uri>
						<common:path>8888-8888-8888-8880</common:path>
						<common:host>orcid.org</common:host>
					</common:source-orcid>
					<common:source-name />
				</common:source>
				<funding:title>
					<common:title>common:title</common:title>
					<common:translated-title language-code="en">common:translated-title</common:translated-title>
				</funding:title>
				<funding:external-identifiers>
					<funding:externalIdentifier>
						<common:external-identifier-url>http://tempuri.org</common:external-identifier-url>
						<common:relationship>self</common:relationship>
						<funding:external-identifier-type>grant_number</funding:external-identifier-type>
						<funding:external-identifier-value>funding:external-identifier-value</funding:external-identifier-value>						
					</funding:externalIdentifier>
				</funding:external-identifiers>
				<funding:type>grant</funding:type>
				<common:start-date>
					<common:year>2014</common:year>
					<common:month>12</common:month>
					<common:day>20</common:day>
				</common:start-date>
				<common:end-date>
					<common:year>2014</common:year>
					<common:month>12</common:month>
					<common:day>20</common:day>
				</common:end-date>
			</funding:summary>
		</activities:group>
	</activities:fundings>
	<activities:peer-reviews>
		<activities:group>
			<activities:identifiers>
				<activities:identifier>
					<activities:external-identifier-type>agr</activities:external-identifier-type>
					<activities:external-identifier-id>activities:external-identifier-id</activities:external-identifier-id>
				</activities:identifier>
			</activities:identifiers>
			<peer-review:summary put-code="12345" visibility="private">
				<common:created-date>2001-12-31T12:00:00</common:created-date>
				<common:last-modified-date>2001-12-31T12:00:00</common:last-modified-date>
				<common:source>
					<common:source-orcid>
						<common:uri>http://orcid.org/8888-8888-8888-8880</common:uri>
						<common:path>8888-8888-8888-8880</common:path>
						<common:host>orcid.org</common:host>
					</common:source-orcid>
					<common:source-name/>
				</common:source>
				<peer-review:external-identifiers>
					<work:work-external-identifier>
						<common:external-identifier-url>http://orcid.org</common:external-identifier-url>
						<common:relationship>self</common:relationship>
						<work:external-identifier-type>agr</work:external-identifier-type>
						<work:external-identifier-id>work:external-identifier-id</work:external-identifier-id>
					</work:work-external-identifier>
				</peer-review:external-identifiers>
				<peer-review:completion-date>
					<common:year>1848</common:year>
					<common:month>02</common:month>
					<common:day>02</common:day>
				</peer-review:completion-date>
				<peer-review:review-group-id>issn:1119191</peer-review:review-group-id>
				<peer-review:convening-organization>
					<common:name>common:name</common:name>
					<common:address>
						<common:city>common:city</common:city>
						<common:region>common:region</common:region>
						<common:country>AF</common:country>
					</common:address>
					<common:disambiguated-organization>
						<common:disambiguated-organization-identifier>common:disambiguated-organization-identifier</common:disambiguated-organization-identifier>
						<common:disambiguation-source>common:disambiguation-source</common:disambiguation-source>
					</common:disambiguated-organization>
				</peer-review:convening-organization>
			</peer-review:summary>
		</activities:group>
	</activities:peer-reviews>
	<activities:works>
		<activities:group>
			<activities:identifiers>
				<activities:identifier>
					<activities:external-identifier-type>agr</activities:external-identifier-type>
					<activities:external-identifier-id>activities:external-identifier-id</activities:external-identifier-id>
				</activities:identifier>
			</activities:identifiers>
			<work:work-summary put-code="0" visibility="private">
				<common:created-date>2001-12-31T12:00:00</common:created-date>
				<common:last-modified-date>2005-11-12T12:00:00</common:last-modified-date>
				<common:source>
					<common:source-orcid>
						<common:uri>http://orcid.org/8888-8888-8888-8880</common:uri>
						<common:path>8888-8888-8888-8880</common:path>
						<common:host>orcid.org</common:host>
					</common:source-orcid>
					<common:source-name />
				</common:source>
				<work:title>
					<common:title>common:title</common:title>
					<common:subtitle />
					<common:translated-title language-code="en">common:translated-title</common:translated-title>
				</work:title>
				<work:external-identifiers>
					<work:work-external-identifier>
						<common:external-identifier-url>http://orcid.org</common:external-identifier-url>
						<common:relationship>self</common:relationship>
						<work:external-identifier-type>agr</work:external-identifier-type>
						<work:external-identifier-id>work:external-identifier-id</work:external-identifier-id>
					</work:work-external-identifier>
				</work:external-identifiers>
				<work:type>artistic-performance</work:type>
				<common:publication-date>
					<common:year>1848</common:year>
					<common:month>02</common:month>
					<common:day>02</common:day>
				</common:publication-date>
			</work:work-summary>
		</activities:group>
	</activities:works>
</activities:activities-summary>