<?xml version="1.0" encoding="UTF-8" ?>
<beans xmlns="http://www.springframework.org/schema/beans"
	xmlns:xsi="http://www.w3.org/2001/XMLSchema-instance" xmlns:tx="http://www.springframework.org/schema/tx"
	xmlns:context="http://www.springframework.org/schema/context"
	xmlns:jms="http://www.springframework.org/schema/jms"
	xsi:schemaLocation="http://www.springframework.org/schema/beans http://www.springframework.org/schema/beans/spring-beans-4.3.xsd
        http://www.springframework.org/schema/context http://www.springframework.org/schema/context/spring-context-4.3.xsd
        http://www.springframework.org/schema/tx http://www.springframework.org/schema/tx/spring-tx-4.3.xsd
        http://www.springframework.org/schema/jms http://www.springframework.org/schema/jms/spring-jms-4.3.xsd">

    <context:property-placeholder
        location="classpath:/properties/test-scheduler.properties,classpath:/properties/test-core.properties,classpath:/properties/test-db.properties"
        ignore-resource-not-found="true" 
        ignore-unresolvable="true" />
    
    <import resource="classpath*:orcid-scheduler-context.xml"/>
    
    <bean id="mailGunManager" class="org.orcid.utils.email.MailGunManager" />

    <bean id="jedisPoolBuilder" class="org.orcid.scheduler.cleanup.JedisPoolBuilder">
        <constructor-arg index="0" value="localhost"/>
        <constructor-arg index="1" value="6379" />
        <constructor-arg index="2" value="password" />
        <constructor-arg index="3" value="1000" />
        <constructor-arg index="4" value="1" />
    </bean>

</beans>
