<?xml version="1.0" encoding="UTF-8" ?>
<beans xmlns="http://www.springframework.org/schema/beans"
	xmlns:xsi="http://www.w3.org/2001/XMLSchema-instance" xmlns:tx="http://www.springframework.org/schema/tx"
	xmlns:context="http://www.springframework.org/schema/context"
	xmlns:jms="http://www.springframework.org/schema/jms"
	xsi:schemaLocation="http://www.springframework.org/schema/beans http://www.springframework.org/schema/beans/spring-beans-4.3.xsd
        http://www.springframework.org/schema/context http://www.springframework.org/schema/context/spring-context-4.3.xsd
        http://www.springframework.org/schema/tx http://www.springframework.org/schema/tx/spring-tx-4.3.xsd
        http://www.springframework.org/schema/jms http://www.springframework.org/schema/jms/spring-jms-4.3.xsd">

	<context:property-placeholder
		location="classpath:${org.orcid.persistence.properties}"
		ignore-resource-not-found="true" />

	<bean id="solrDao" class="org.orcid.persistence.dao.impl.SolrDaoImpl" />
	
	<bean id="orgDisambiguatedSolrDao" class="org.orcid.persistence.dao.impl.OrgDisambiguatedSolrDaoImpl" />

	<bean id="solrServer" class="org.orcid.persistence.dao.EmbeddedSolrFactory"
		factory-method="createInstance">
	</bean>
	<bean id="orgDisambiguatedSolrServer" class="org.orcid.persistence.dao.EmbeddedSolrFactory"
		factory-method="createInstance">
		<constructor-arg value="org"/>
	</bean>
	
	<alias name="solrServer" alias="solrServerReadOnly"/>
	<alias name="solrServer" alias="solrServerForStreaming"/>
	<alias name="orgDisambiguatedSolrServer" alias="orgDisambiguatedSolrServerReadOnly"/>
</beans>
